#
# There is insufficient memory for the Java Runtime Environment to continue.
# Native memory allocation (mmap) failed to map 98566144 bytes. Error detail: G1 virtual space
# Possible reasons:
#   The system is out of physical RAM or swap space
#   This process is running with CompressedOops enabled, and the Java Heap may be blocking the growth of the native heap
# Possible solutions:
#   Reduce memory load on the system
#   Increase physical memory or swap space
#   Check if swap backing store is full
#   Decrease Java heap size (-Xmx/-Xms)
#   Decrease number of Java threads
#   Decrease Java thread stack sizes (-Xss)
#   Set larger code cache with -XX:ReservedCodeCacheSize=
#   JVM is running with Unscaled Compressed Oops mode in which the Java heap is
#     placed in the first 4GB address space. The Java Heap base address is the
#     maximum limit for the native heap growth. Please use -XX:HeapBaseMinAddress
#     to set the Java Heap base and to place the Java Heap above 4GB virtual address.
# This output file may be truncated or incomplete.
#
#  Out of Memory Error (os_windows.cpp:3703), pid=29560, tid=12920
#
# JRE version:  (23.0.1+11) (build )
# Java VM: Java HotSpot(TM) 64-Bit Server VM (23.0.1+11-39, mixed mode, sharing, tiered, compressed oops, compressed class ptrs, g1 gc, windows-amd64)
# No core dump will be written. Minidumps are not enabled by default on client versions of Windows
#

---------------  S U M M A R Y ------------

Command Line: -Dfile.encoding=UTF-8 -Dstdout.encoding=UTF-8 -Dstderr.encoding=UTF-8 -XX:+ShowCodeDetailsInExceptionMessages ams.Home

Host: AMD Ryzen 3 7330U with Radeon Graphics         , 8 cores, 5G,  Windows 11 , 64 bit Build 26100 (10.0.26100.3912)
Time: Fri Jun 27 20:54:13 2025 India Standard Time elapsed time: 2.044606 seconds (0d 0h 0m 2s)

---------------  T H R E A D  ---------------

Current thread (0x0000020ac6fbe470):  JavaThread "Unknown thread" [_thread_in_vm, id=12920, stack(0x0000007b05000000,0x0000007b05100000) (1024K)]

Stack: [0x0000007b05000000,0x0000007b05100000]
Native frames: (J=compiled Java code, j=interpreted, Vv=VM code, C=native code)
V  [jvm.dll+0x6e08b9]  (no source info available)
V  [jvm.dll+0x87dc83]  (no source info available)
V  [jvm.dll+0x88010e]  (no source info available)
V  [jvm.dll+0x8807e3]  (no source info available)
V  [jvm.dll+0x27aee6]  (no source info available)
V  [jvm.dll+0x6dd1c5]  (no source info available)
V  [jvm.dll+0x6d104a]  (no source info available)
V  [jvm.dll+0x35b3ea]  (no source info available)
V  [jvm.dll+0x3637f6]  (no source info available)
V  [jvm.dll+0x34fd5e]  (no source info available)
V  [jvm.dll+0x34fff8]  (no source info available)
V  [jvm.dll+0x3289cc]  (no source info available)
V  [jvm.dll+0x32966e]  (no source info available)
V  [jvm.dll+0x844355]  (no source info available)
V  [jvm.dll+0x3b9848]  (no source info available)
V  [jvm.dll+0x82d14c]  (no source info available)
V  [jvm.dll+0x454d4e]  (no source info available)
V  [jvm.dll+0x456bd1]  (no source info available)
C  [jli.dll+0x52a3]  (no source info available)
C  [ucrtbase.dll+0x37b0]  (no source info available)
C  [KERNEL32.DLL+0x2e8d7]  (no source info available)
C  [ntdll.dll+0x9c5dc]  (no source info available)

Lock stack of current Java thread (top to bottom):


---------------  P R O C E S S  ---------------

Threads class SMR info:
_java_thread_list=0x00007ffdcdf93618, length=0, elements={
}

Java Threads: ( => current thread )
Total: 0

Other Threads:
  0x0000020ac93af230 WorkerThread "GC Thread#0"                     [id=27760, stack(0x0000007b05100000,0x0000007b05200000) (1024K)]
  0x0000020ac93bfc00 ConcurrentGCThread "G1 Main Marker"            [id=23084, stack(0x0000007b05200000,0x0000007b05300000) (1024K)]
  0x0000020ac93c0eb0 WorkerThread "G1 Conc#0"                       [id=29732, stack(0x0000007b05300000,0x0000007b05400000) (1024K)]

[error occurred during error reporting (printing all threads), id 0xc0000005, EXCEPTION_ACCESS_VIOLATION (0xc0000005) at pc=0x00007ffdcd6dbfba]
VM state: not at safepoint (not fully initialized)

VM Mutex/Monitor currently owned by a thread:  ([mutex/lock_event])
[0x00007ffdce013a10] Heap_lock - owner thread: 0x0000020ac6fbe470

Heap address: 0x00000000a2400000, size: 1500 MB, Compressed Oops mode: 32-bit

CDS archive(s) mapped at: [0x0000000000000000-0x0000000000000000-0x0000000000000000), size 0, SharedBaseAddress: 0x0000000800000000, ArchiveRelocationMode: 1.
Narrow klass base: 0x0000000000000000, Narrow klass shift: 0, Narrow klass range: 0x0

GC Precious Log:
 CardTable entry size: 512
 Card Set container configuration: InlinePtr #cards 5 size 8 Array Of Cards #cards 10 size 36 Howl #buckets 4 coarsen threshold 1843 Howl Bitmap #cards 512 size 80 coarsen threshold 460 Card regions per heap region 1 cards per card region 2048

Heap:
 garbage-first heap   total reserved 1536000K, committed 0K, used 0K [0x00000000a2400000, 0x0000000100000000)
  region size 1024K, 0 young (0K), 0 survivors (0K)

[error occurred during error reporting (printing heap information), id 0xc0000005, EXCEPTION_ACCESS_VIOLATION (0xc0000005) at pc=0x00007ffdcdadc3c9]
GC Heap History (0 events):
No events

Dll operation events (1 events):
Event: 0.016 Loaded shared library C:\Program Files\Java\jdk-23\bin\java.dll

Deoptimization events (0 events):
No events

Classes loaded (0 events):
No events

Classes unloaded (0 events):
No events

Classes redefined (0 events):
No events

Internal exceptions (0 events):
No events

VM Operations (0 events):
No events

Memory protections (0 events):
No events

Nmethod flushes (0 events):
No events

Events (0 events):
No events


Dynamic libraries:
0x00007ff65ba10000 - 0x00007ff65ba20000 	C:\Program Files\Java\jdk-23\bin\javaw.exe
0x00007ffe664c0000 - 0x00007ffe66726000 	C:\WINDOWS\SYSTEM32\ntdll.dll
0x00007ffe65150000 - 0x00007ffe65219000 	C:\WINDOWS\System32\KERNEL32.DLL
0x00007ffe637d0000 - 0x00007ffe63b9c000 	C:\WINDOWS\System32\KERNELBASE.dll
0x00007ffe63c60000 - 0x00007ffe63dab000 	C:\WINDOWS\System32\ucrtbase.dll
0x00007ffe59290000 - 0x00007ffe592ab000 	C:\Program Files\Java\jdk-23\bin\VCRUNTIME140.dll
0x00007ffe48d70000 - 0x00007ffe48d87000 	C:\Program Files\Java\jdk-23\bin\jli.dll
0x00007ffe65d90000 - 0x00007ffe65f5a000 	C:\WINDOWS\System32\USER32.dll
0x00007ffe641a0000 - 0x00007ffe641c7000 	C:\WINDOWS\System32\win32u.dll
0x00007ffe51d30000 - 0x00007ffe51fca000 	C:\WINDOWS\WinSxS\amd64_microsoft.windows.common-controls_6595b64144ccf1df_6.0.26100.3912_none_3e07963ce335137e\COMCTL32.dll
0x00007ffe653d0000 - 0x00007ffe653fb000 	C:\WINDOWS\System32\GDI32.dll
0x00007ffe63fd0000 - 0x00007ffe64102000 	C:\WINDOWS\System32\gdi32full.dll
0x00007ffe641d0000 - 0x00007ffe64273000 	C:\WINDOWS\System32\msvcp_win.dll
0x00007ffe64800000 - 0x00007ffe648a9000 	C:\WINDOWS\System32\msvcrt.dll
0x00007ffe64e60000 - 0x00007ffe64e90000 	C:\WINDOWS\System32\IMM32.DLL
0x00007ffe55950000 - 0x00007ffe5595c000 	C:\Program Files\Java\jdk-23\bin\vcruntime140_1.dll
0x00007ffdf7760000 - 0x00007ffdf77ee000 	C:\Program Files\Java\jdk-23\bin\msvcp140.dll
0x00007ffdcd3a0000 - 0x00007ffdce0ef000 	C:\Program Files\Java\jdk-23\bin\server\jvm.dll
0x00007ffe65400000 - 0x00007ffe654b2000 	C:\WINDOWS\System32\ADVAPI32.dll
0x00007ffe663d0000 - 0x00007ffe66476000 	C:\WINDOWS\System32\sechost.dll
0x00007ffe64f20000 - 0x00007ffe65036000 	C:\WINDOWS\System32\RPCRT4.dll
0x00007ffe661d0000 - 0x00007ffe66244000 	C:\WINDOWS\System32\WS2_32.dll
0x00007ffe60f30000 - 0x00007ffe60f66000 	C:\WINDOWS\SYSTEM32\WINMM.dll
0x00007ffe5ca20000 - 0x00007ffe5ca2b000 	C:\WINDOWS\SYSTEM32\VERSION.dll
0x00007ffe634a0000 - 0x00007ffe634fe000 	C:\WINDOWS\SYSTEM32\POWRPROF.dll
0x00007ffe63480000 - 0x00007ffe63494000 	C:\WINDOWS\SYSTEM32\UMPDC.dll
0x00007ffe62370000 - 0x00007ffe6238a000 	C:\WINDOWS\SYSTEM32\kernel.appcore.dll
0x00007ffe55910000 - 0x00007ffe5591a000 	C:\Program Files\Java\jdk-23\bin\jimage.dll
0x00007ffe60cc0000 - 0x00007ffe60f01000 	C:\WINDOWS\SYSTEM32\DBGHELP.DLL
0x00007ffe64460000 - 0x00007ffe647e4000 	C:\WINDOWS\System32\combase.dll
0x00007ffe65ca0000 - 0x00007ffe65d80000 	C:\WINDOWS\System32\OLEAUT32.dll
0x00007ffe60c80000 - 0x00007ffe60cb9000 	C:\WINDOWS\SYSTEM32\dbgcore.DLL
0x00007ffe63f30000 - 0x00007ffe63fc9000 	C:\WINDOWS\System32\bcryptPrimitives.dll
0x00007ffe391b0000 - 0x00007ffe391ce000 	C:\Program Files\Java\jdk-23\bin\java.dll
0x00007ffe65220000 - 0x00007ffe653bf000 	C:\WINDOWS\System32\ole32.dll
0x00007ffe654c0000 - 0x00007ffe65bed000 	C:\WINDOWS\System32\SHELL32.dll
0x00007ffe63db0000 - 0x00007ffe63f24000 	C:\WINDOWS\System32\wintypes.dll

dbghelp: loaded successfully - version: 4.0.5 - missing functions: none
symbol engine: initialized successfully - sym options: 0x614 - pdb path: .;C:\Program Files\Java\jdk-23\bin;C:\WINDOWS\SYSTEM32;C:\WINDOWS\WinSxS\amd64_microsoft.windows.common-controls_6595b64144ccf1df_6.0.26100.3912_none_3e07963ce335137e;C:\Program Files\Java\jdk-23\bin\server

VM Arguments:
jvm_args: -Dfile.encoding=UTF-8 -Dstdout.encoding=UTF-8 -Dstderr.encoding=UTF-8 -XX:+ShowCodeDetailsInExceptionMessages 
java_command: ams.Home
java_class_path (initial): D:\AirlineManagementSystem\target\classes;C:\Users\darkd\.m2\repository\mysql\mysql-connector-java\8.0.30\mysql-connector-java-8.0.30.jar;C:\Users\darkd\.m2\repository\com\google\protobuf\protobuf-java\3.19.4\protobuf-java-3.19.4.jar
Launcher Type: SUN_STANDARD

[Global flags]
     intx CICompilerCount                          = 4                                         {product} {ergonomic}
     uint ConcGCThreads                            = 2                                         {product} {ergonomic}
     uint G1ConcRefinementThreads                  = 8                                         {product} {ergonomic}
   size_t G1HeapRegionSize                         = 1048576                                   {product} {ergonomic}
   size_t InitialHeapSize                          = 98566144                                  {product} {ergonomic}
   size_t MarkStackSize                            = 4194304                                   {product} {ergonomic}
   size_t MarkStackSizeMax                         = 536870912                                 {product} {ergonomic}
   size_t MaxHeapSize                              = 1572864000                                {product} {ergonomic}
   size_t MinHeapDeltaBytes                        = 1048576                                   {product} {ergonomic}
   size_t MinHeapSize                              = 8388608                                   {product} {ergonomic}
    uintx NonNMethodCodeHeapSize                   = 5832704                                {pd product} {ergonomic}
    uintx NonProfiledCodeHeapSize                  = 122945536                              {pd product} {ergonomic}
    uintx ProfiledCodeHeapSize                     = 122880000                              {pd product} {ergonomic}
    uintx ReservedCodeCacheSize                    = 251658240                              {pd product} {ergonomic}
     bool SegmentedCodeCache                       = true                                      {product} {ergonomic}
     bool ShowCodeDetailsInExceptionMessages       = true                                   {manageable} {command line}
   size_t SoftMaxHeapSize                          = 1572864000                             {manageable} {ergonomic}
     bool UseCompressedOops                        = true                           {product lp64_product} {ergonomic}
     bool UseG1GC                                  = true                                      {product} {ergonomic}
     bool UseLargePagesIndividualAllocation        = false                                  {pd product} {ergonomic}

Logging:
Log output configuration:
 #0: stdout all=warning uptime,level,tags foldmultilines=false
 #1: stderr all=off uptime,level,tags foldmultilines=false

Environment Variables:
JAVA_HOME=C:\Program Files\Java\jdk-23
PATH=D:\oracle\product\10.2.0\db_1\bin;C:\Program Files\Common Files\Oracle\Java\javapath;C:\Program Files (x86)\Common Files\Oracle\Java\javapath;C:\WINDOWS\system32;C:\WINDOWS;C:\WINDOWS\System32\Wbem;C:\WINDOWS\System32\WindowsPowerShell\v1.0\;C:\WINDOWS\System32\OpenSSH\;C:\Program Files\Java\jdk-23\bin;C:\Program Files\Docker\Docker\resources\bin;C:\Program Files\Git\cmd;C:\Program Files\Git\mingw64\bin;C:\Program Files\Git\usr\bin;C:\Program Files\MySQL\MySQL Shell 8.0\bin\;C:\Users\darkd\AppData\Local\Microsoft\WindowsApps;C:\Users\darkd\AppData\Local\Programs\Microsoft VS Code\bin;
USERNAME=darkd
OS=Windows_NT
PROCESSOR_IDENTIFIER=AMD64 Family 25 Model 80 Stepping 0, AuthenticAMD
TMP=C:\Users\darkd\AppData\Local\Temp
TEMP=C:\Users\darkd\AppData\Local\Temp




Periodic native trim disabled

---------------  S Y S T E M  ---------------

OS:
 Windows 11 , 64 bit Build 26100 (10.0.26100.3912)
OS uptime: 23 days 3:47 hours
Hyper-V role detected

CPU: total 8 (initial active 8) (8 cores per cpu, 2 threads per core) family 25 model 80 stepping 0 microcode 0xa50000d, cx8, cmov, fxsr, ht, mmx, 3dnowpref, sse, sse2, sse3, ssse3, sse4a, sse4.1, sse4.2, popcnt, lzcnt, tsc, tscinvbit, avx, avx2, aes, erms, clmul, bmi1, bmi2, adx, sha, fma, vzeroupper, clflush, clflushopt, hv, rdtscp, rdpid, fsrm, f16c, cet_ss
Processor Information for processor 0
  Max Mhz: 2301, Current Mhz: 1798, Mhz Limit: 2301
Processor Information for processor 1
  Max Mhz: 2301, Current Mhz: 1798, Mhz Limit: 2301
Processor Information for processor 2
  Max Mhz: 2301, Current Mhz: 1798, Mhz Limit: 2301
Processor Information for processor 3
  Max Mhz: 2301, Current Mhz: 2301, Mhz Limit: 2301
Processor Information for processor 4
  Max Mhz: 2301, Current Mhz: 2301, Mhz Limit: 2301
Processor Information for processor 5
  Max Mhz: 2301, Current Mhz: 2301, Mhz Limit: 2301
Processor Information for processor 6
  Max Mhz: 2301, Current Mhz: 1798, Mhz Limit: 2301
Processor Information for processor 7
  Max Mhz: 2301, Current Mhz: 1798, Mhz Limit: 2301

Memory: 4k page, system-wide physical 5996M (544M free)
TotalPageFile size 24428M (AvailPageFile size 82M)
current process WorkingSet (physical memory assigned to process): 13M, peak: 13M
current process commit charge ("private bytes"): 60M, peak: 154M

vm_info: Java HotSpot(TM) 64-Bit Server VM (23.0.1+11-39) for windows-amd64 JRE (23.0.1+11-39), built on 2024-09-30T07:20:43Z with MS VC++ 17.6 (VS2022)

END.
